\BOOKMARK [0][-]{chapter*.1}{\376\377\000L\000i\000s\000t\000\040\000o\000f\000\040\000A\000b\000b\000r\000e\000v\000i\000a\000t\000i\000o\000n\000s}{}% 1
\BOOKMARK [0][-]{chapter.1}{\376\377\0001\000\040\000I\000n\000t\000r\000o\000d\000u\000c\000t\000i\000o\000n}{}% 2
\BOOKMARK [1][-]{section.1.1}{\376\377\0001\000.\0001\000\040\000B\000a\000c\000k\000g\000r\000o\000u\000n\000d}{chapter.1}% 3
\BOOKMARK [1][-]{section.1.2}{\376\377\0001\000.\0002\000\040\000P\000r\000o\000b\000l\000e\000m\000\040\000S\000t\000a\000t\000e\000m\000e\000n\000t}{chapter.1}% 4
\BOOKMARK [2][-]{subsection.1.2.1}{\376\377\0001\000.\0002\000.\0001\000\040\000A\000n\000a\000l\000y\000t\000i\000c\000a\000l\000\040\000A\000c\000c\000e\000s\000s\000i\000b\000i\000l\000i\000t\000y\000\040\000G\000a\000p}{section.1.2}% 5
\BOOKMARK [2][-]{subsection.1.2.2}{\376\377\0001\000.\0002\000.\0002\000\040\000C\000o\000n\000t\000e\000x\000t\000u\000a\000l\000\040\000A\000I\000\040\000A\000d\000v\000i\000s\000o\000r\000y\000\040\000L\000i\000m\000i\000t\000a\000t\000i\000o\000n}{section.1.2}% 6
\BOOKMARK [2][-]{subsection.1.2.3}{\376\377\0001\000.\0002\000.\0003\000\040\000F\000r\000a\000g\000m\000e\000n\000t\000e\000d\000\040\000T\000o\000o\000l\000\040\000L\000a\000n\000d\000s\000c\000a\000p\000e}{section.1.2}% 7
\BOOKMARK [1][-]{section.1.3}{\376\377\0001\000.\0003\000\040\000A\000i\000m}{chapter.1}% 8
\BOOKMARK [1][-]{section.1.4}{\376\377\0001\000.\0004\000\040\000O\000b\000j\000e\000c\000t\000i\000v\000e\000s}{chapter.1}% 9
\BOOKMARK [1][-]{section.1.5}{\376\377\0001\000.\0005\000\040\000S\000c\000o\000p\000e\000\040\000o\000f\000\040\000t\000h\000e\000\040\000P\000r\000o\000j\000e\000c\000t}{chapter.1}% 10
\BOOKMARK [1][-]{section.1.6}{\376\377\0001\000.\0006\000\040\000O\000r\000g\000a\000n\000i\000z\000a\000t\000i\000o\000n\000\040\000o\000f\000\040\000t\000h\000e\000\040\000R\000e\000p\000o\000r\000t}{chapter.1}% 11
\BOOKMARK [0][-]{chapter.2}{\376\377\0002\000\040\000L\000i\000t\000e\000r\000a\000t\000u\000r\000e\000\040\000R\000e\000v\000i\000e\000w}{}% 12
\BOOKMARK [1][-]{section.2.1}{\376\377\0002\000.\0001\000\040\000T\000e\000c\000h\000n\000i\000c\000a\000l\000\040\000A\000n\000a\000l\000y\000s\000i\000s\000\040\000a\000n\000d\000\040\000S\000i\000g\000n\000a\000l\000\040\000G\000e\000n\000e\000r\000a\000t\000i\000o\000n}{chapter.2}% 13
\BOOKMARK [1][-]{section.2.2}{\376\377\0002\000.\0002\000\040\000T\000i\000m\000e\000-\000S\000e\000r\000i\000e\000s\000\040\000F\000o\000r\000e\000c\000a\000s\000t\000i\000n\000g\000\040\000i\000n\000\040\000F\000i\000n\000a\000n\000c\000i\000a\000l\000\040\000M\000a\000r\000k\000e\000t\000s}{chapter.2}% 14
\BOOKMARK [2][-]{subsection.2.2.1}{\376\377\0002\000.\0002\000.\0001\000\040\000A\000R\000I\000M\000A\000\040\000M\000o\000d\000e\000l\000s}{section.2.2}% 15
\BOOKMARK [2][-]{subsection.2.2.2}{\376\377\0002\000.\0002\000.\0002\000\040\000E\000x\000p\000o\000n\000e\000n\000t\000i\000a\000l\000\040\000S\000m\000o\000o\000t\000h\000i\000n\000g}{section.2.2}% 16
\BOOKMARK [2][-]{subsection.2.2.3}{\376\377\0002\000.\0002\000.\0003\000\040\000S\000e\000a\000s\000o\000n\000a\000l\000\040\000D\000e\000c\000o\000m\000p\000o\000s\000i\000t\000i\000o\000n}{section.2.2}% 17
\BOOKMARK [1][-]{section.2.3}{\376\377\0002\000.\0003\000\040\000V\000o\000l\000a\000t\000i\000l\000i\000t\000y\000\040\000M\000o\000d\000e\000l\000l\000i\000n\000g}{chapter.2}% 18
\BOOKMARK [2][-]{subsection.2.3.1}{\376\377\0002\000.\0003\000.\0001\000\040\000G\000A\000R\000C\000H\000\040\000M\000o\000d\000e\000l\000s}{section.2.3}% 19
\BOOKMARK [2][-]{subsection.2.3.2}{\376\377\0002\000.\0003\000.\0002\000\040\000V\000o\000l\000a\000t\000i\000l\000i\000t\000y\000\040\000R\000e\000g\000i\000m\000e\000s\000\040\000a\000n\000d\000\040\000C\000o\000n\000e\000s}{section.2.3}% 20
\BOOKMARK [1][-]{section.2.4}{\376\377\0002\000.\0004\000\040\000F\000a\000c\000t\000o\000r\000\040\000M\000o\000d\000e\000l\000s\000\040\000a\000n\000d\000\040\000R\000i\000s\000k\000\040\000D\000e\000c\000o\000m\000p\000o\000s\000i\000t\000i\000o\000n}{chapter.2}% 21
\BOOKMARK [1][-]{section.2.5}{\376\377\0002\000.\0005\000\040\000P\000o\000r\000t\000f\000o\000l\000i\000o\000\040\000O\000p\000t\000i\000m\000i\000z\000a\000t\000i\000o\000n}{chapter.2}% 22
\BOOKMARK [1][-]{section.2.6}{\376\377\0002\000.\0006\000\040\000M\000o\000n\000t\000e\000\040\000C\000a\000r\000l\000o\000\040\000S\000i\000m\000u\000l\000a\000t\000i\000o\000n\000\040\000i\000n\000\040\000F\000i\000n\000a\000n\000c\000i\000a\000l\000\040\000P\000l\000a\000n\000n\000i\000n\000g}{chapter.2}% 23
\BOOKMARK [1][-]{section.2.7}{\376\377\0002\000.\0007\000\040\000M\000a\000c\000h\000i\000n\000e\000\040\000L\000e\000a\000r\000n\000i\000n\000g\000\040\000i\000n\000\040\000F\000i\000n\000a\000n\000c\000i\000a\000l\000\040\000M\000a\000r\000k\000e\000t\000s}{chapter.2}% 24
\BOOKMARK [2][-]{subsection.2.7.1}{\376\377\0002\000.\0007\000.\0001\000\040\000R\000a\000n\000d\000o\000m\000\040\000F\000o\000r\000e\000s\000t\000s}{section.2.7}% 25
\BOOKMARK [2][-]{subsection.2.7.2}{\376\377\0002\000.\0007\000.\0002\000\040\000G\000r\000a\000d\000i\000e\000n\000t\000\040\000B\000o\000o\000s\000t\000i\000n\000g}{section.2.7}% 26
\BOOKMARK [2][-]{subsection.2.7.3}{\376\377\0002\000.\0007\000.\0003\000\040\000A\000n\000o\000m\000a\000l\000y\000\040\000D\000e\000t\000e\000c\000t\000i\000o\000n\000\040\000w\000i\000t\000h\000\040\000I\000s\000o\000l\000a\000t\000i\000o\000n\000\040\000F\000o\000r\000e\000s\000t}{section.2.7}% 27
\BOOKMARK [2][-]{subsection.2.7.4}{\376\377\0002\000.\0007\000.\0004\000\040\000C\000l\000u\000s\000t\000e\000r\000i\000n\000g\000\040\000w\000i\000t\000h\000\040\000K\000-\000M\000e\000a\000n\000s}{section.2.7}% 28
\BOOKMARK [1][-]{section.2.8}{\376\377\0002\000.\0008\000\040\000L\000a\000r\000g\000e\000\040\000L\000a\000n\000g\000u\000a\000g\000e\000\040\000M\000o\000d\000e\000l\000s\000\040\000i\000n\000\040\000F\000i\000n\000a\000n\000c\000i\000a\000l\000\040\000A\000d\000v\000i\000s\000o\000r\000y}{chapter.2}% 29
\BOOKMARK [1][-]{section.2.9}{\376\377\0002\000.\0009\000\040\000S\000e\000n\000t\000i\000m\000e\000n\000t\000\040\000A\000n\000a\000l\000y\000s\000i\000s\000\040\000i\000n\000\040\000F\000i\000n\000a\000n\000c\000e}{chapter.2}% 30
\BOOKMARK [1][-]{section.2.10}{\376\377\0002\000.\0001\0000\000\040\000A\000g\000e\000n\000t\000i\000c\000\040\000A\000I\000\040\000a\000n\000d\000\040\000T\000o\000o\000l\000-\000A\000u\000g\000m\000e\000n\000t\000e\000d\000\040\000L\000L\000M\000s}{chapter.2}% 31
\BOOKMARK [1][-]{section.2.11}{\376\377\0002\000.\0001\0001\000\040\000C\000a\000c\000h\000i\000n\000g\000\040\000a\000n\000d\000\040\000P\000e\000r\000f\000o\000r\000m\000a\000n\000c\000e\000\040\000O\000p\000t\000i\000m\000i\000z\000a\000t\000i\000o\000n\000\040\000i\000n\000\040\000F\000i\000n\000a\000n\000c\000i\000a\000l\000\040\000S\000y\000s\000t\000e\000m\000s}{chapter.2}% 32
\BOOKMARK [1][-]{section.2.12}{\376\377\0002\000.\0001\0002\000\040\000W\000e\000b\000\040\000A\000p\000p\000l\000i\000c\000a\000t\000i\000o\000n\000\040\000A\000r\000c\000h\000i\000t\000e\000c\000t\000u\000r\000e\000\040\000f\000o\000r\000\040\000F\000i\000n\000a\000n\000c\000i\000a\000l\000\040\000P\000l\000a\000t\000f\000o\000r\000m\000s}{chapter.2}% 33
\BOOKMARK [1][-]{section.2.13}{\376\377\0002\000.\0001\0003\000\040\000I\000n\000d\000i\000a\000n\000\040\000E\000q\000u\000i\000t\000y\000\040\000M\000a\000r\000k\000e\000t\000\040\000C\000o\000n\000t\000e\000x\000t}{chapter.2}% 34
\BOOKMARK [0][-]{chapter.3}{\376\377\0003\000\040\000S\000y\000s\000t\000e\000m\000\040\000A\000n\000a\000l\000y\000s\000i\000s\000\040\000a\000n\000d\000\040\000D\000e\000s\000i\000g\000n}{}% 35
\BOOKMARK [1][-]{section.3.1}{\376\377\0003\000.\0001\000\040\000R\000e\000q\000u\000i\000r\000e\000m\000e\000n\000t\000s\000\040\000A\000n\000a\000l\000y\000s\000i\000s}{chapter.3}% 36
\BOOKMARK [2][-]{subsection.3.1.1}{\376\377\0003\000.\0001\000.\0001\000\040\000F\000u\000n\000c\000t\000i\000o\000n\000a\000l\000\040\000R\000e\000q\000u\000i\000r\000e\000m\000e\000n\000t\000s}{section.3.1}% 37
\BOOKMARK [2][-]{subsection.3.1.2}{\376\377\0003\000.\0001\000.\0002\000\040\000N\000o\000n\000-\000F\000u\000n\000c\000t\000i\000o\000n\000a\000l\000\040\000R\000e\000q\000u\000i\000r\000e\000m\000e\000n\000t\000s}{section.3.1}% 38
\BOOKMARK [1][-]{section.3.2}{\376\377\0003\000.\0002\000\040\000S\000y\000s\000t\000e\000m\000\040\000A\000r\000c\000h\000i\000t\000e\000c\000t\000u\000r\000e}{chapter.3}% 39
\BOOKMARK [2][-]{subsection.3.2.1}{\376\377\0003\000.\0002\000.\0001\000\040\000A\000r\000c\000h\000i\000t\000e\000c\000t\000u\000r\000a\000l\000\040\000P\000h\000i\000l\000o\000s\000o\000p\000h\000y}{section.3.2}% 40
\BOOKMARK [2][-]{subsection.3.2.2}{\376\377\0003\000.\0002\000.\0002\000\040\000H\000i\000g\000h\000-\000L\000e\000v\000e\000l\000\040\000A\000r\000c\000h\000i\000t\000e\000c\000t\000u\000r\000e}{section.3.2}% 41
\BOOKMARK [2][-]{subsection.3.2.3}{\376\377\0003\000.\0002\000.\0003\000\040\000C\000o\000m\000p\000o\000n\000e\000n\000t\000\040\000A\000r\000c\000h\000i\000t\000e\000c\000t\000u\000r\000e}{section.3.2}% 42
\BOOKMARK [2][-]{subsection.3.2.4}{\376\377\0003\000.\0002\000.\0004\000\040\000D\000a\000t\000a\000\040\000F\000l\000o\000w\000\040\000A\000r\000c\000h\000i\000t\000e\000c\000t\000u\000r\000e}{section.3.2}% 43
\BOOKMARK [2][-]{subsection.3.2.5}{\376\377\0003\000.\0002\000.\0005\000\040\000D\000e\000p\000l\000o\000y\000m\000e\000n\000t\000\040\000A\000r\000c\000h\000i\000t\000e\000c\000t\000u\000r\000e}{section.3.2}% 44
\BOOKMARK [1][-]{section.3.3}{\376\377\0003\000.\0003\000\040\000D\000a\000t\000a\000b\000a\000s\000e\000\040\000D\000e\000s\000i\000g\000n}{chapter.3}% 45
\BOOKMARK [2][-]{subsection.3.3.1}{\376\377\0003\000.\0003\000.\0001\000\040\000E\000n\000t\000i\000t\000y\000-\000R\000e\000l\000a\000t\000i\000o\000n\000s\000h\000i\000p\000\040\000M\000o\000d\000e\000l}{section.3.3}% 46
\BOOKMARK [2][-]{subsection.3.3.2}{\376\377\0003\000.\0003\000.\0002\000\040\000I\000n\000d\000e\000x\000i\000n\000g\000\040\000S\000t\000r\000a\000t\000e\000g\000y}{section.3.3}% 47
\BOOKMARK [1][-]{section.3.4}{\376\377\0003\000.\0004\000\040\000A\000P\000I\000\040\000D\000e\000s\000i\000g\000n}{chapter.3}% 48
\BOOKMARK [1][-]{section.3.5}{\376\377\0003\000.\0005\000\040\000C\000a\000c\000h\000i\000n\000g\000\040\000A\000r\000c\000h\000i\000t\000e\000c\000t\000u\000r\000e}{chapter.3}% 49
\BOOKMARK [1][-]{section.3.6}{\376\377\0003\000.\0006\000\040\000U\000M\000L\000\040\000D\000i\000a\000g\000r\000a\000m\000s}{chapter.3}% 50
\BOOKMARK [2][-]{subsection.3.6.1}{\376\377\0003\000.\0006\000.\0001\000\040\000U\000s\000e\000\040\000C\000a\000s\000e\000\040\000D\000i\000a\000g\000r\000a\000m}{section.3.6}% 51
\BOOKMARK [2][-]{subsection.3.6.2}{\376\377\0003\000.\0006\000.\0002\000\040\000C\000l\000a\000s\000s\000\040\000D\000i\000a\000g\000r\000a\000m\000\040\000\050\000B\000a\000c\000k\000e\000n\000d\000\040\000S\000e\000r\000v\000i\000c\000e\000s\000\051}{section.3.6}% 52
\BOOKMARK [2][-]{subsection.3.6.3}{\376\377\0003\000.\0006\000.\0003\000\040\000S\000e\000q\000u\000e\000n\000c\000e\000\040\000D\000i\000a\000g\000r\000a\000m\000:\000\040\000A\000I\000\040\000A\000d\000v\000i\000s\000o\000r\000\040\000C\000h\000a\000t\000\040\000F\000l\000o\000w}{section.3.6}% 53
\BOOKMARK [2][-]{subsection.3.6.4}{\376\377\0003\000.\0006\000.\0004\000\040\000A\000c\000t\000i\000v\000i\000t\000y\000\040\000D\000i\000a\000g\000r\000a\000m\000:\000\040\000D\000a\000i\000l\000y\000\040\000D\000a\000t\000a\000\040\000R\000e\000f\000r\000e\000s\000h\000\040\000P\000i\000p\000e\000l\000i\000n\000e}{section.3.6}% 54
\BOOKMARK [0][-]{chapter.4}{\376\377\0004\000\040\000M\000e\000t\000h\000o\000d\000o\000l\000o\000g\000y}{}% 55
\BOOKMARK [1][-]{section.4.1}{\376\377\0004\000.\0001\000\040\000T\000e\000c\000h\000n\000i\000c\000a\000l\000\040\000I\000n\000d\000i\000c\000a\000t\000o\000r\000\040\000C\000o\000m\000p\000u\000t\000a\000t\000i\000o\000n}{chapter.4}% 56
\BOOKMARK [2][-]{subsection.4.1.1}{\376\377\0004\000.\0001\000.\0001\000\040\000S\000i\000m\000p\000l\000e\000\040\000M\000o\000v\000i\000n\000g\000\040\000A\000v\000e\000r\000a\000g\000e\000\040\000\050\000S\000M\000A\000\051}{section.4.1}% 57
\BOOKMARK [2][-]{subsection.4.1.2}{\376\377\0004\000.\0001\000.\0002\000\040\000E\000x\000p\000o\000n\000e\000n\000t\000i\000a\000l\000\040\000M\000o\000v\000i\000n\000g\000\040\000A\000v\000e\000r\000a\000g\000e\000\040\000\050\000E\000M\000A\000\051}{section.4.1}% 58
\BOOKMARK [2][-]{subsection.4.1.3}{\376\377\0004\000.\0001\000.\0003\000\040\000M\000A\000C\000D\000\040\000\050\000M\000o\000v\000i\000n\000g\000\040\000A\000v\000e\000r\000a\000g\000e\000\040\000C\000o\000n\000v\000e\000r\000g\000e\000n\000c\000e\000\040\000D\000i\000v\000e\000r\000g\000e\000n\000c\000e\000\051}{section.4.1}% 59
\BOOKMARK [2][-]{subsection.4.1.4}{\376\377\0004\000.\0001\000.\0004\000\040\000R\000S\000I\000\040\000\050\000R\000e\000l\000a\000t\000i\000v\000e\000\040\000S\000t\000r\000e\000n\000g\000t\000h\000\040\000I\000n\000d\000e\000x\000\051}{section.4.1}% 60
\BOOKMARK [2][-]{subsection.4.1.5}{\376\377\0004\000.\0001\000.\0005\000\040\000B\000o\000l\000l\000i\000n\000g\000e\000r\000\040\000B\000a\000n\000d\000s}{section.4.1}% 61
\BOOKMARK [2][-]{subsection.4.1.6}{\376\377\0004\000.\0001\000.\0006\000\040\000A\000T\000R\000\040\000\050\000A\000v\000e\000r\000a\000g\000e\000\040\000T\000r\000u\000e\000\040\000R\000a\000n\000g\000e\000\051}{section.4.1}% 62
\BOOKMARK [2][-]{subsection.4.1.7}{\376\377\0004\000.\0001\000.\0007\000\040\000V\000W\000A\000P\000\040\000\050\000V\000o\000l\000u\000m\000e\000-\000W\000e\000i\000g\000h\000t\000e\000d\000\040\000A\000v\000e\000r\000a\000g\000e\000\040\000P\000r\000i\000c\000e\000\051}{section.4.1}% 63
\BOOKMARK [2][-]{subsection.4.1.8}{\376\377\0004\000.\0001\000.\0008\000\040\000O\000B\000V\000\040\000\050\000O\000n\000-\000B\000a\000l\000a\000n\000c\000e\000\040\000V\000o\000l\000u\000m\000e\000\051}{section.4.1}% 64
\BOOKMARK [2][-]{subsection.4.1.9}{\376\377\0004\000.\0001\000.\0009\000\040\000C\000o\000m\000p\000o\000s\000i\000t\000e\000\040\000S\000i\000g\000n\000a\000l\000\040\000G\000e\000n\000e\000r\000a\000t\000i\000o\000n}{section.4.1}% 65
\BOOKMARK [1][-]{section.4.2}{\376\377\0004\000.\0002\000\040\000M\000a\000c\000h\000i\000n\000e\000\040\000L\000e\000a\000r\000n\000i\000n\000g\000\040\000M\000o\000d\000e\000l\000s}{chapter.4}% 66
\BOOKMARK [2][-]{subsection.4.2.1}{\376\377\0004\000.\0002\000.\0001\000\040\000R\000a\000n\000d\000o\000m\000\040\000F\000o\000r\000e\000s\000t\000\040\000C\000l\000a\000s\000s\000i\000f\000i\000e\000r\000\040\040\024\000\040\000D\000i\000r\000e\000c\000t\000i\000o\000n\000a\000l\000\040\000P\000r\000e\000d\000i\000c\000t\000i\000o\000n}{section.4.2}% 67
\BOOKMARK [2][-]{subsection.4.2.2}{\376\377\0004\000.\0002\000.\0002\000\040\000M\000L\000\040\000R\000e\000g\000r\000e\000s\000s\000i\000o\000n\000\040\000E\000n\000s\000e\000m\000b\000l\000e\000\040\040\024\000\040\000R\000e\000t\000u\000r\000n\000\040\000F\000o\000r\000e\000c\000a\000s\000t\000i\000n\000g}{section.4.2}% 68
\BOOKMARK [2][-]{subsection.4.2.3}{\376\377\0004\000.\0002\000.\0003\000\040\000I\000s\000o\000l\000a\000t\000i\000o\000n\000\040\000F\000o\000r\000e\000s\000t\000\040\040\024\000\040\000A\000n\000o\000m\000a\000l\000y\000\040\000D\000e\000t\000e\000c\000t\000i\000o\000n}{section.4.2}% 69
\BOOKMARK [2][-]{subsection.4.2.4}{\376\377\0004\000.\0002\000.\0004\000\040\000K\000-\000M\000e\000a\000n\000s\000\040\000C\000l\000u\000s\000t\000e\000r\000i\000n\000g\000\040\040\024\000\040\000S\000t\000o\000c\000k\000\040\000S\000e\000g\000m\000e\000n\000t\000a\000t\000i\000o\000n}{section.4.2}% 70
\BOOKMARK [1][-]{section.4.3}{\376\377\0004\000.\0003\000\040\000T\000i\000m\000e\000-\000S\000e\000r\000i\000e\000s\000\040\000F\000o\000r\000e\000c\000a\000s\000t\000i\000n\000g}{chapter.4}% 71
\BOOKMARK [2][-]{subsection.4.3.1}{\376\377\0004\000.\0003\000.\0001\000\040\000S\000t\000a\000t\000i\000o\000n\000a\000r\000i\000t\000y\000\040\000T\000e\000s\000t\000i\000n\000g}{section.4.3}% 72
\BOOKMARK [2][-]{subsection.4.3.2}{\376\377\0004\000.\0003\000.\0002\000\040\000A\000R\000I\000M\000A\000\040\000M\000o\000d\000e\000l}{section.4.3}% 73
\BOOKMARK [2][-]{subsection.4.3.3}{\376\377\0004\000.\0003\000.\0003\000\040\000H\000o\000l\000t\000-\000W\000i\000n\000t\000e\000r\000s\000\040\000E\000x\000p\000o\000n\000e\000n\000t\000i\000a\000l\000\040\000S\000m\000o\000o\000t\000h\000i\000n\000g\000\040\000\050\000E\000T\000S\000\051}{section.4.3}% 74
\BOOKMARK [2][-]{subsection.4.3.4}{\376\377\0004\000.\0003\000.\0004\000\040\000S\000e\000a\000s\000o\000n\000a\000l\000\040\000D\000e\000c\000o\000m\000p\000o\000s\000i\000t\000i\000o\000n}{section.4.3}% 75
\BOOKMARK [1][-]{section.4.4}{\376\377\0004\000.\0004\000\040\000V\000o\000l\000a\000t\000i\000l\000i\000t\000y\000\040\000M\000o\000d\000e\000l\000l\000i\000n\000g}{chapter.4}% 76
\BOOKMARK [2][-]{subsection.4.4.1}{\376\377\0004\000.\0004\000.\0001\000\040\000G\000A\000R\000C\000H\000\050\0001\000,\0001\000\051\000\040\000M\000o\000d\000e\000l}{section.4.4}% 77
\BOOKMARK [2][-]{subsection.4.4.2}{\376\377\0004\000.\0004\000.\0002\000\040\000V\000o\000l\000a\000t\000i\000l\000i\000t\000y\000\040\000C\000o\000n\000e\000\040\000C\000o\000n\000s\000t\000r\000u\000c\000t\000i\000o\000n}{section.4.4}% 78
\BOOKMARK [2][-]{subsection.4.4.3}{\376\377\0004\000.\0004\000.\0003\000\040\000R\000e\000g\000i\000m\000e\000\040\000C\000l\000a\000s\000s\000i\000f\000i\000c\000a\000t\000i\000o\000n}{section.4.4}% 79
\BOOKMARK [2][-]{subsection.4.4.4}{\376\377\0004\000.\0004\000.\0004\000\040\000E\000n\000t\000r\000y\000/\000E\000x\000i\000t\000\040\000S\000i\000g\000n\000a\000l\000s}{section.4.4}% 80
\BOOKMARK [1][-]{section.4.5}{\376\377\0004\000.\0005\000\040\000R\000i\000s\000k\000\040\000A\000n\000a\000l\000y\000t\000i\000c\000s}{chapter.4}% 81
\BOOKMARK [2][-]{subsection.4.5.1}{\376\377\0004\000.\0005\000.\0001\000\040\000R\000i\000s\000k\000\040\000M\000e\000t\000r\000i\000c\000s\000\040\000S\000u\000i\000t\000e}{section.4.5}% 82
\BOOKMARK [2][-]{subsection.4.5.2}{\376\377\0004\000.\0005\000.\0002\000\040\000F\000a\000m\000a\000-\000F\000r\000e\000n\000c\000h\000\040\0004\000-\000F\000a\000c\000t\000o\000r\000\040\000M\000o\000d\000e\000l}{section.4.5}% 83
\BOOKMARK [1][-]{section.4.6}{\376\377\0004\000.\0006\000\040\000P\000o\000r\000t\000f\000o\000l\000i\000o\000\040\000O\000p\000t\000i\000m\000i\000z\000a\000t\000i\000o\000n}{chapter.4}% 84
\BOOKMARK [2][-]{subsection.4.6.1}{\376\377\0004\000.\0006\000.\0001\000\040\000M\000a\000r\000k\000o\000w\000i\000t\000z\000\040\000M\000e\000a\000n\000-\000V\000a\000r\000i\000a\000n\000c\000e\000\040\000O\000p\000t\000i\000m\000i\000z\000a\000t\000i\000o\000n}{section.4.6}% 85
\BOOKMARK [2][-]{subsection.4.6.2}{\376\377\0004\000.\0006\000.\0002\000\040\000T\000a\000r\000g\000e\000t\000\040\000V\000o\000l\000a\000t\000i\000l\000i\000t\000i\000e\000s\000\040\000b\000y\000\040\000R\000i\000s\000k\000\040\000P\000r\000o\000f\000i\000l\000e}{section.4.6}% 86
\BOOKMARK [1][-]{section.4.7}{\376\377\0004\000.\0007\000\040\000M\000o\000n\000t\000e\000\040\000C\000a\000r\000l\000o\000\040\000W\000e\000a\000l\000t\000h\000\040\000P\000r\000o\000j\000e\000c\000t\000i\000o\000n}{chapter.4}% 87
\BOOKMARK [2][-]{subsection.4.7.1}{\376\377\0004\000.\0007\000.\0001\000\040\000F\000o\000r\000w\000a\000r\000d\000\040\000P\000l\000a\000n\000n\000e\000r}{section.4.7}% 88
\BOOKMARK [2][-]{subsection.4.7.2}{\376\377\0004\000.\0007\000.\0002\000\040\000G\000o\000a\000l\000\040\000P\000l\000a\000n\000n\000e\000r\000\040\000\050\000R\000e\000v\000e\000r\000s\000e\000\040\000S\000o\000l\000v\000e\000r\000\051}{section.4.7}% 89
\BOOKMARK [1][-]{section.4.8}{\376\377\0004\000.\0008\000\040\000S\000e\000c\000t\000o\000r\000\040\000R\000o\000t\000a\000t\000i\000o\000n\000\040\000A\000n\000a\000l\000y\000s\000i\000s}{chapter.4}% 90
\BOOKMARK [2][-]{subsection.4.8.1}{\376\377\0004\000.\0008\000.\0001\000\040\000M\000u\000l\000t\000i\000-\000H\000o\000r\000i\000z\000o\000n\000\040\000M\000o\000m\000e\000n\000t\000u\000m}{section.4.8}% 91
\BOOKMARK [2][-]{subsection.4.8.2}{\376\377\0004\000.\0008\000.\0002\000\040\000M\000a\000r\000k\000e\000t\000\040\000P\000h\000a\000s\000e\000\040\000D\000e\000t\000e\000c\000t\000i\000o\000n}{section.4.8}% 92
\BOOKMARK [1][-]{section.4.9}{\376\377\0004\000.\0009\000\040\000M\000a\000c\000r\000o\000e\000c\000o\000n\000o\000m\000i\000c\000\040\000D\000a\000s\000h\000b\000o\000a\000r\000d}{chapter.4}% 93
\BOOKMARK [2][-]{subsection.4.9.1}{\376\377\0004\000.\0009\000.\0001\000\040\000T\000r\000a\000c\000k\000e\000d\000\040\000I\000n\000d\000i\000c\000a\000t\000o\000r\000s}{section.4.9}% 94
\BOOKMARK [2][-]{subsection.4.9.2}{\376\377\0004\000.\0009\000.\0002\000\040\000R\000e\000g\000i\000m\000e\000\040\000C\000l\000a\000s\000s\000i\000f\000i\000c\000a\000t\000i\000o\000n}{section.4.9}% 95
\BOOKMARK [1][-]{section.4.10}{\376\377\0004\000.\0001\0000\000\040\000N\000e\000w\000s\000\040\000S\000e\000n\000t\000i\000m\000e\000n\000t\000\040\000A\000n\000a\000l\000y\000s\000i\000s}{chapter.4}% 96
\BOOKMARK [1][-]{section.4.11}{\376\377\0004\000.\0001\0001\000\040\000A\000I\000\040\000A\000d\000v\000i\000s\000o\000r\000y\000\040\000S\000y\000s\000t\000e\000m}{chapter.4}% 97
\BOOKMARK [2][-]{subsection.4.11.1}{\376\377\0004\000.\0001\0001\000.\0001\000\040\000L\000L\000M\000\040\000I\000n\000t\000e\000g\000r\000a\000t\000i\000o\000n}{section.4.11}% 98
\BOOKMARK [2][-]{subsection.4.11.2}{\376\377\0004\000.\0001\0001\000.\0002\000\040\000A\000g\000e\000n\000t\000i\000c\000\040\000T\000o\000o\000l\000\040\000U\000s\000e\000\040\000\050\000F\000u\000n\000c\000t\000i\000o\000n\000\040\000C\000a\000l\000l\000i\000n\000g\000\051}{section.4.11}% 99
\BOOKMARK [2][-]{subsection.4.11.3}{\376\377\0004\000.\0001\0001\000.\0003\000\040\000C\000o\000n\000t\000e\000x\000t\000\040\000I\000n\000j\000e\000c\000t\000i\000o\000n}{section.4.11}% 100
\BOOKMARK [0][-]{chapter.5}{\376\377\0005\000\040\000I\000m\000p\000l\000e\000m\000e\000n\000t\000a\000t\000i\000o\000n}{}% 101
\BOOKMARK [1][-]{section.5.1}{\376\377\0005\000.\0001\000\040\000T\000e\000c\000h\000n\000o\000l\000o\000g\000y\000\040\000S\000t\000a\000c\000k}{chapter.5}% 102
\BOOKMARK [2][-]{subsection.5.1.1}{\376\377\0005\000.\0001\000.\0001\000\040\000B\000a\000c\000k\000e\000n\000d\000\040\000T\000e\000c\000h\000n\000o\000l\000o\000g\000i\000e\000s}{section.5.1}% 103
\BOOKMARK [2][-]{subsection.5.1.2}{\376\377\0005\000.\0001\000.\0002\000\040\000F\000r\000o\000n\000t\000e\000n\000d\000\040\000T\000e\000c\000h\000n\000o\000l\000o\000g\000i\000e\000s}{section.5.1}% 104
\BOOKMARK [2][-]{subsection.5.1.3}{\376\377\0005\000.\0001\000.\0003\000\040\000I\000n\000f\000r\000a\000s\000t\000r\000u\000c\000t\000u\000r\000e}{section.5.1}% 105
\BOOKMARK [1][-]{section.5.2}{\376\377\0005\000.\0002\000\040\000D\000e\000v\000e\000l\000o\000p\000m\000e\000n\000t\000\040\000M\000e\000t\000h\000o\000d\000o\000l\000o\000g\000y\000\040\000a\000n\000d\000\040\000W\000o\000r\000k\000f\000l\000o\000w}{chapter.5}% 106
\BOOKMARK [2][-]{subsection.5.2.1}{\376\377\0005\000.\0002\000.\0001\000\040\000P\000h\000a\000s\000e\000\040\0001\000:\000\040\000F\000o\000u\000n\000d\000a\000t\000i\000o\000n\000\040\000\050\000D\000a\000t\000a\000\040\000L\000a\000y\000e\000r\000\051}{section.5.2}% 107
\BOOKMARK [2][-]{subsection.5.2.2}{\376\377\0005\000.\0002\000.\0002\000\040\000P\000h\000a\000s\000e\000\040\0002\000:\000\040\000A\000n\000a\000l\000y\000t\000i\000c\000s\000\040\000E\000n\000g\000i\000n\000e}{section.5.2}% 108
\BOOKMARK [2][-]{subsection.5.2.3}{\376\377\0005\000.\0002\000.\0003\000\040\000P\000h\000a\000s\000e\000\040\0003\000:\000\040\000A\000P\000I\000\040\000L\000a\000y\000e\000r}{section.5.2}% 109
\BOOKMARK [2][-]{subsection.5.2.4}{\376\377\0005\000.\0002\000.\0004\000\040\000P\000h\000a\000s\000e\000\040\0004\000:\000\040\000A\000I\000\040\000A\000d\000v\000i\000s\000o\000r\000y\000\040\000I\000n\000t\000e\000g\000r\000a\000t\000i\000o\000n}{section.5.2}% 110
\BOOKMARK [2][-]{subsection.5.2.5}{\376\377\0005\000.\0002\000.\0005\000\040\000P\000h\000a\000s\000e\000\040\0005\000:\000\040\000F\000r\000o\000n\000t\000e\000n\000d\000\040\000D\000e\000v\000e\000l\000o\000p\000m\000e\000n\000t}{section.5.2}% 111
\BOOKMARK [2][-]{subsection.5.2.6}{\376\377\0005\000.\0002\000.\0006\000\040\000P\000h\000a\000s\000e\000\040\0006\000:\000\040\000D\000e\000p\000l\000o\000y\000m\000e\000n\000t\000\040\000a\000n\000d\000\040\000P\000r\000o\000d\000u\000c\000t\000i\000o\000n\000\040\000H\000a\000r\000d\000e\000n\000i\000n\000g}{section.5.2}% 112
\BOOKMARK [1][-]{section.5.3}{\376\377\0005\000.\0003\000\040\000P\000r\000o\000j\000e\000c\000t\000\040\000S\000t\000r\000u\000c\000t\000u\000r\000e}{chapter.5}% 113
\BOOKMARK [1][-]{section.5.4}{\376\377\0005\000.\0004\000\040\000K\000e\000y\000\040\000I\000m\000p\000l\000e\000m\000e\000n\000t\000a\000t\000i\000o\000n\000\040\000D\000e\000t\000a\000i\000l\000s}{chapter.5}% 114
\BOOKMARK [2][-]{subsection.5.4.1}{\376\377\0005\000.\0004\000.\0001\000\040\000F\000a\000s\000t\000A\000P\000I\000\040\000A\000p\000p\000l\000i\000c\000a\000t\000i\000o\000n\000\040\000E\000n\000t\000r\000y\000\040\000P\000o\000i\000n\000t}{section.5.4}% 115
\BOOKMARK [2][-]{subsection.5.4.2}{\376\377\0005\000.\0004\000.\0002\000\040\000C\000a\000c\000h\000e\000\040\000M\000a\000n\000a\000g\000e\000r\000\040\000I\000m\000p\000l\000e\000m\000e\000n\000t\000a\000t\000i\000o\000n}{section.5.4}% 116
\BOOKMARK [2][-]{subsection.5.4.3}{\376\377\0005\000.\0004\000.\0003\000\040\000A\000I\000\040\000A\000d\000v\000i\000s\000o\000r\000\040\000w\000i\000t\000h\000\040\000T\000o\000o\000l\000\040\000U\000s\000e}{section.5.4}% 117
\BOOKMARK [2][-]{subsection.5.4.4}{\376\377\0005\000.\0004\000.\0004\000\040\000M\000L\000\040\000R\000e\000g\000r\000e\000s\000s\000i\000o\000n\000\040\000F\000e\000a\000t\000u\000r\000e\000\040\000E\000n\000g\000i\000n\000e\000e\000r\000i\000n\000g}{section.5.4}% 118
\BOOKMARK [2][-]{subsection.5.4.5}{\376\377\0005\000.\0004\000.\0005\000\040\000F\000r\000o\000n\000t\000e\000n\000d\000:\000\040\000R\000e\000a\000c\000t\000\040\000C\000o\000m\000p\000o\000n\000e\000n\000t\000\040\000P\000a\000t\000t\000e\000r\000n}{section.5.4}% 119
\BOOKMARK [2][-]{subsection.5.4.6}{\376\377\0005\000.\0004\000.\0006\000\040\000S\000S\000E\000\040\000S\000t\000r\000e\000a\000m\000i\000n\000g\000\040\000I\000m\000p\000l\000e\000m\000e\000n\000t\000a\000t\000i\000o\000n}{section.5.4}% 120
\BOOKMARK [2][-]{subsection.5.4.7}{\376\377\0005\000.\0004\000.\0007\000\040\000D\000o\000c\000k\000e\000r\000\040\000D\000e\000p\000l\000o\000y\000m\000e\000n\000t\000\040\000C\000o\000n\000f\000i\000g\000u\000r\000a\000t\000i\000o\000n}{section.5.4}% 121
\BOOKMARK [1][-]{section.5.5}{\376\377\0005\000.\0005\000\040\000F\000r\000o\000n\000t\000e\000n\000d\000\040\000P\000a\000g\000e\000s\000\040\000O\000v\000e\000r\000v\000i\000e\000w}{chapter.5}% 122
\BOOKMARK [1][-]{section.5.6}{\376\377\0005\000.\0006\000\040\000S\000e\000c\000u\000r\000i\000t\000y\000\040\000I\000m\000p\000l\000e\000m\000e\000n\000t\000a\000t\000i\000o\000n}{chapter.5}% 123
\BOOKMARK [2][-]{subsection.5.6.1}{\376\377\0005\000.\0006\000.\0001\000\040\000N\000e\000t\000w\000o\000r\000k\000\040\000a\000n\000d\000\040\000T\000r\000a\000n\000s\000p\000o\000r\000t\000\040\000S\000e\000c\000u\000r\000i\000t\000y}{section.5.6}% 124
\BOOKMARK [2][-]{subsection.5.6.2}{\376\377\0005\000.\0006\000.\0002\000\040\000S\000e\000c\000r\000e\000t\000\040\000M\000a\000n\000a\000g\000e\000m\000e\000n\000t}{section.5.6}% 125
\BOOKMARK [2][-]{subsection.5.6.3}{\376\377\0005\000.\0006\000.\0003\000\040\000D\000a\000t\000a\000\040\000S\000e\000c\000u\000r\000i\000t\000y}{section.5.6}% 126
\BOOKMARK [0][-]{chapter.6}{\376\377\0006\000\040\000R\000e\000s\000u\000l\000t\000s\000\040\000a\000n\000d\000\040\000D\000i\000s\000c\000u\000s\000s\000i\000o\000n}{}% 127
\BOOKMARK [1][-]{section.6.1}{\376\377\0006\000.\0001\000\040\000S\000y\000s\000t\000e\000m\000\040\000O\000v\000e\000r\000v\000i\000e\000w}{chapter.6}% 128
\BOOKMARK [1][-]{section.6.2}{\376\377\0006\000.\0002\000\040\000T\000e\000c\000h\000n\000i\000c\000a\000l\000\040\000A\000n\000a\000l\000y\000s\000i\000s\000\040\000R\000e\000s\000u\000l\000t\000s}{chapter.6}% 129
\BOOKMARK [2][-]{subsection.6.2.1}{\376\377\0006\000.\0002\000.\0001\000\040\000I\000n\000d\000i\000v\000i\000d\000u\000a\000l\000\040\000I\000n\000d\000i\000c\000a\000t\000o\000r\000\040\000B\000e\000h\000a\000v\000i\000o\000r}{section.6.2}% 130
\BOOKMARK [2][-]{subsection.6.2.2}{\376\377\0006\000.\0002\000.\0002\000\040\000S\000c\000r\000e\000e\000n\000e\000r\000\040\000P\000e\000r\000f\000o\000r\000m\000a\000n\000c\000e}{section.6.2}% 131
\BOOKMARK [1][-]{section.6.3}{\376\377\0006\000.\0003\000\040\000M\000a\000c\000h\000i\000n\000e\000\040\000L\000e\000a\000r\000n\000i\000n\000g\000\040\000M\000o\000d\000e\000l\000\040\000P\000e\000r\000f\000o\000r\000m\000a\000n\000c\000e}{chapter.6}% 132
\BOOKMARK [2][-]{subsection.6.3.1}{\376\377\0006\000.\0003\000.\0001\000\040\000R\000a\000n\000d\000o\000m\000\040\000F\000o\000r\000e\000s\000t\000\040\000C\000l\000a\000s\000s\000i\000f\000i\000e\000r}{section.6.3}% 133
\BOOKMARK [2][-]{subsection.6.3.2}{\376\377\0006\000.\0003\000.\0002\000\040\000M\000L\000\040\000R\000e\000g\000r\000e\000s\000s\000i\000o\000n\000\040\000E\000n\000s\000e\000m\000b\000l\000e}{section.6.3}% 134
\BOOKMARK [2][-]{subsection.6.3.3}{\376\377\0006\000.\0003\000.\0003\000\040\000A\000n\000o\000m\000a\000l\000y\000\040\000D\000e\000t\000e\000c\000t\000i\000o\000n}{section.6.3}% 135
\BOOKMARK [1][-]{section.6.4}{\376\377\0006\000.\0004\000\040\000T\000i\000m\000e\000-\000S\000e\000r\000i\000e\000s\000\040\000F\000o\000r\000e\000c\000a\000s\000t\000i\000n\000g\000\040\000R\000e\000s\000u\000l\000t\000s}{chapter.6}% 136
\BOOKMARK [1][-]{section.6.5}{\376\377\0006\000.\0005\000\040\000V\000o\000l\000a\000t\000i\000l\000i\000t\000y\000\040\000M\000o\000d\000e\000l\000l\000i\000n\000g\000\040\000R\000e\000s\000u\000l\000t\000s}{chapter.6}% 137
\BOOKMARK [1][-]{section.6.6}{\376\377\0006\000.\0006\000\040\000P\000o\000r\000t\000f\000o\000l\000i\000o\000\040\000O\000p\000t\000i\000m\000i\000z\000a\000t\000i\000o\000n\000\040\000R\000e\000s\000u\000l\000t\000s}{chapter.6}% 138
\BOOKMARK [2][-]{subsection.6.6.1}{\376\377\0006\000.\0006\000.\0001\000\040\000E\000f\000f\000i\000c\000i\000e\000n\000t\000\040\000F\000r\000o\000n\000t\000i\000e\000r\000\040\000A\000n\000a\000l\000y\000s\000i\000s}{section.6.6}% 139
\BOOKMARK [1][-]{section.6.7}{\376\377\0006\000.\0007\000\040\000A\000I\000\040\000A\000d\000v\000i\000s\000o\000r\000\040\000E\000v\000a\000l\000u\000a\000t\000i\000o\000n}{chapter.6}% 140
\BOOKMARK [1][-]{section.6.8}{\376\377\0006\000.\0008\000\040\000M\000o\000n\000t\000e\000\040\000C\000a\000r\000l\000o\000\040\000W\000e\000a\000l\000t\000h\000\040\000P\000r\000o\000j\000e\000c\000t\000i\000o\000n}{chapter.6}% 141
\BOOKMARK [1][-]{section.6.9}{\376\377\0006\000.\0009\000\040\000D\000i\000s\000c\000u\000s\000s\000i\000o\000n}{chapter.6}% 142
\BOOKMARK [2][-]{subsection.6.9.1}{\376\377\0006\000.\0009\000.\0001\000\040\000S\000t\000r\000e\000n\000g\000t\000h\000s}{section.6.9}% 143
\BOOKMARK [2][-]{subsection.6.9.2}{\376\377\0006\000.\0009\000.\0002\000\040\000L\000i\000m\000i\000t\000a\000t\000i\000o\000n\000s}{section.6.9}% 144
\BOOKMARK [2][-]{subsection.6.9.3}{\376\377\0006\000.\0009\000.\0003\000\040\000U\000s\000e\000r\000\040\000E\000x\000p\000e\000r\000i\000e\000n\000c\000e\000\040\000E\000v\000a\000l\000u\000a\000t\000i\000o\000n}{section.6.9}% 145
\BOOKMARK [2][-]{subsection.6.9.4}{\376\377\0006\000.\0009\000.\0004\000\040\000C\000o\000m\000p\000a\000r\000i\000s\000o\000n\000\040\000w\000i\000t\000h\000\040\000E\000x\000i\000s\000t\000i\000n\000g\000\040\000P\000l\000a\000t\000f\000o\000r\000m\000s}{section.6.9}% 146
\BOOKMARK [1][-]{section.6.10}{\376\377\0006\000.\0001\0000\000\040\000S\000y\000s\000t\000e\000m\000\040\000T\000e\000s\000t\000i\000n\000g\000\040\000a\000n\000d\000\040\000V\000a\000l\000i\000d\000a\000t\000i\000o\000n}{chapter.6}% 147
\BOOKMARK [2][-]{subsection.6.10.1}{\376\377\0006\000.\0001\0000\000.\0001\000\040\000A\000P\000I\000\040\000E\000n\000d\000p\000o\000i\000n\000t\000\040\000T\000e\000s\000t\000i\000n\000g}{section.6.10}% 148
\BOOKMARK [2][-]{subsection.6.10.2}{\376\377\0006\000.\0001\0000\000.\0002\000\040\000E\000d\000g\000e\000\040\000C\000a\000s\000e\000\040\000a\000n\000d\000\040\000E\000r\000r\000o\000r\000\040\000H\000a\000n\000d\000l\000i\000n\000g\000\040\000T\000e\000s\000t\000s}{section.6.10}% 149
\BOOKMARK [2][-]{subsection.6.10.3}{\376\377\0006\000.\0001\0000\000.\0003\000\040\000F\000r\000o\000n\000t\000e\000n\000d\000\040\000C\000o\000m\000p\000o\000n\000e\000n\000t\000\040\000T\000e\000s\000t\000i\000n\000g}{section.6.10}% 150
\BOOKMARK [2][-]{subsection.6.10.4}{\376\377\0006\000.\0001\0000\000.\0004\000\040\000P\000e\000r\000f\000o\000r\000m\000a\000n\000c\000e\000\040\000a\000n\000d\000\040\000L\000o\000a\000d\000\040\000T\000e\000s\000t\000i\000n\000g}{section.6.10}% 151
\BOOKMARK [2][-]{subsection.6.10.5}{\376\377\0006\000.\0001\0000\000.\0005\000\040\000C\000r\000o\000s\000s\000-\000B\000r\000o\000w\000s\000e\000r\000\040\000C\000o\000m\000p\000a\000t\000i\000b\000i\000l\000i\000t\000y}{section.6.10}% 152
\BOOKMARK [2][-]{subsection.6.10.6}{\376\377\0006\000.\0001\0000\000.\0006\000\040\000R\000e\000s\000p\000o\000n\000s\000i\000v\000e\000\040\000D\000e\000s\000i\000g\000n\000\040\000T\000e\000s\000t\000i\000n\000g}{section.6.10}% 153
\BOOKMARK [2][-]{subsection.6.10.7}{\376\377\0006\000.\0001\0000\000.\0007\000\040\000A\000c\000c\000e\000s\000s\000i\000b\000i\000l\000i\000t\000y\000\040\000T\000e\000s\000t\000i\000n\000g}{section.6.10}% 154
\BOOKMARK [2][-]{subsection.6.10.8}{\376\377\0006\000.\0001\0000\000.\0008\000\040\000D\000a\000t\000a\000\040\000I\000n\000t\000e\000g\000r\000i\000t\000y\000\040\000V\000a\000l\000i\000d\000a\000t\000i\000o\000n}{section.6.10}% 155
\BOOKMARK [0][-]{chapter.7}{\376\377\0007\000\040\000C\000o\000n\000c\000l\000u\000s\000i\000o\000n\000\040\000a\000n\000d\000\040\000F\000u\000t\000u\000r\000e\000\040\000W\000o\000r\000k}{}% 156
\BOOKMARK [1][-]{section.7.1}{\376\377\0007\000.\0001\000\040\000S\000u\000m\000m\000a\000r\000y\000\040\000o\000f\000\040\000C\000o\000n\000t\000r\000i\000b\000u\000t\000i\000o\000n\000s}{chapter.7}% 157
\BOOKMARK [1][-]{section.7.2}{\376\377\0007\000.\0002\000\040\000O\000b\000j\000e\000c\000t\000i\000v\000e\000s\000\040\000A\000c\000h\000i\000e\000v\000e\000m\000e\000n\000t}{chapter.7}% 158
\BOOKMARK [1][-]{section.7.3}{\376\377\0007\000.\0003\000\040\000F\000u\000t\000u\000r\000e\000\040\000W\000o\000r\000k}{chapter.7}% 159
\BOOKMARK [1][-]{section.7.4}{\376\377\0007\000.\0004\000\040\000L\000e\000s\000s\000o\000n\000s\000\040\000L\000e\000a\000r\000n\000e\000d}{chapter.7}% 160
\BOOKMARK [1][-]{section.7.5}{\376\377\0007\000.\0005\000\040\000C\000o\000n\000c\000l\000u\000d\000i\000n\000g\000\040\000R\000e\000m\000a\000r\000k\000s}{chapter.7}% 161
\BOOKMARK [0][-]{chapter*.54}{\376\377\000R\000e\000f\000e\000r\000e\000n\000c\000e\000s}{}% 162
\BOOKMARK [0][-]{appendix.1.A}{\376\377\000A\000\040\000C\000o\000m\000p\000l\000e\000t\000e\000\040\000A\000P\000I\000\040\000E\000n\000d\000p\000o\000i\000n\000t\000\040\000R\000e\000f\000e\000r\000e\000n\000c\000e}{}% 163
\BOOKMARK [1][-]{section.1.A.1}{\376\377\000A\000.\0001\000\040\000A\000d\000v\000i\000s\000o\000r\000\040\000E\000n\000d\000p\000o\000i\000n\000t\000s}{appendix.1.A}% 164
\BOOKMARK [2][-]{subsection.1.A.1.1}{\376\377\000A\000.\0001\000.\0001\000\040\000P\000O\000S\000T\000\040\000/\000a\000p\000i\000/\000v\0001\000/\000a\000d\000v\000i\000s\000o\000r\000/\000c\000h\000a\000t\000/\000s\000t\000r\000e\000a\000m}{section.1.A.1}% 165
\BOOKMARK [1][-]{section.1.A.2}{\376\377\000A\000.\0002\000\040\000A\000n\000a\000l\000y\000t\000i\000c\000s\000\040\000E\000n\000d\000p\000o\000i\000n\000t\000s}{appendix.1.A}% 166
\BOOKMARK [2][-]{subsection.1.A.2.1}{\376\377\000A\000.\0002\000.\0001\000\040\000G\000E\000T\000\040\000/\000a\000p\000i\000/\000v\0001\000/\000a\000n\000a\000l\000y\000t\000i\000c\000s\000/\000s\000t\000o\000c\000k\000/\000\173\000s\000y\000m\000b\000o\000l\000\175}{section.1.A.2}% 167
\BOOKMARK [2][-]{subsection.1.A.2.2}{\376\377\000A\000.\0002\000.\0002\000\040\000P\000O\000S\000T\000\040\000/\000a\000p\000i\000/\000v\0001\000/\000a\000n\000a\000l\000y\000t\000i\000c\000s\000/\000p\000o\000r\000t\000f\000o\000l\000i\000o\000-\000o\000p\000t\000i\000m\000i\000z\000e}{section.1.A.2}% 168
\BOOKMARK [1][-]{section.1.A.3}{\376\377\000A\000.\0003\000\040\000P\000l\000a\000n\000n\000e\000r\000\040\000E\000n\000d\000p\000o\000i\000n\000t\000s}{appendix.1.A}% 169
\BOOKMARK [2][-]{subsection.1.A.3.1}{\376\377\000A\000.\0003\000.\0001\000\040\000P\000O\000S\000T\000\040\000/\000a\000p\000i\000/\000v\0001\000/\000p\000l\000a\000n\000n\000e\000r\000/\000f\000o\000r\000w\000a\000r\000d}{section.1.A.3}% 170
\BOOKMARK [0][-]{appendix.1.B}{\376\377\000B\000\040\000E\000n\000v\000i\000r\000o\000n\000m\000e\000n\000t\000\040\000V\000a\000r\000i\000a\000b\000l\000e\000s\000\040\000R\000e\000f\000e\000r\000e\000n\000c\000e}{}% 171
\BOOKMARK [0][-]{appendix.1.C}{\376\377\000C\000\040\000D\000a\000t\000a\000b\000a\000s\000e\000\040\000S\000c\000h\000e\000m\000a\000\040\000D\000D\000L}{}% 172
\BOOKMARK [0][-]{appendix.1.D}{\376\377\000D\000\040\000P\000y\000d\000a\000n\000t\000i\000c\000\040\000S\000c\000h\000e\000m\000a\000\040\000D\000e\000f\000i\000n\000i\000t\000i\000o\000n\000s}{}% 173
